7:36:26 PM                    Info      Document 'Golf Quest.qvw' has been authorized\r\n----------------------------------------7:36:26 PM                    Info      Document 'Movies Database.qvw' has been authorized\r\n----------------------------------------7:36:26 PM                    Info      Document 'Sales Compass.qvw' has been authorized\r\n----------------------------------------3:44:49 PM                    Error     Unspecified error\r\nException trace: System.NullReferenceException: Object reference not set to an instance of an object.
   at MillimanCommon.UserAccessList.ResolveACL(String UserName, String[] UserRoles, Boolean IsClientAdmin) in d:\PRM\WIP\MillimanCommon\UserAccessList.cs:line 142
   at MillimanCommon.UserAccessList..ctor(String UserName, String[] UserRoles, Boolean IsClientAdmin) in d:\PRM\WIP\MillimanCommon\UserAccessList.cs:line 128
   at Default.LicenseSetup(String UserName, String QVDocument) in d:\PRM\WIP\MillimanClientUserAdmin\QVUtilities\QVLauncher.cs:line 87----------------------------------------3:45:04 PM                    Error     Could not allocate license for user\r\n----------------------------------------3:45:11 PM                    Error     Unspecified error\r\nException trace: System.NullReferenceException: Object reference not set to an instance of an object.
   at MillimanCommon.UserAccessList.ResolveACL(String UserName, String[] UserRoles, Boolean IsClientAdmin) in d:\PRM\WIP\MillimanCommon\UserAccessList.cs:line 142
   at MillimanCommon.UserAccessList..ctor(String UserName, String[] UserRoles, Boolean IsClientAdmin) in d:\PRM\WIP\MillimanCommon\UserAccessList.cs:line 128
   at Default.LicenseSetup(String UserName, String QVDocument) in d:\PRM\WIP\MillimanClientUserAdmin\QVUtilities\QVLauncher.cs:line 87----------------------------------------3:45:11 PM                    Error     Could not allocate license for user\r\n----------------------------------------3:46:51 PM                    Error     Unspecified error\r\nException trace: System.NullReferenceException: Object reference not set to an instance of an object.
   at MillimanCommon.UserAccessList.ResolveACL(String UserName, String[] UserRoles, Boolean IsClientAdmin) in d:\PRM\WIP\MillimanCommon\UserAccessList.cs:line 142
   at MillimanCommon.UserAccessList..ctor(String UserName, String[] UserRoles, Boolean IsClientAdmin) in d:\PRM\WIP\MillimanCommon\UserAccessList.cs:line 128
   at Default.LicenseSetup(String UserName, String QVDocument) in d:\PRM\WIP\MillimanClientUserAdmin\QVUtilities\QVLauncher.cs:line 87----------------------------------------3:46:51 PM                    Error     Could not allocate license for user\r\n----------------------------------------10:40:20 PM                   Info      Document '04cbab432772485b975b40153a164da5.qvw' has been authorized\r\n----------------------------------------10:43:48 PM                   Info      Document 'c5cd5ef5fb864fccaf97dc02164c4a0d.qvw' has been authorized\r\n----------------------------------------10:47:02 PM                   Info      Document '0e579f2be5dd4c5aa172eaa7d77feeca.qvw' has been authorized\r\n----------------------------------------10:55:34 PM                   Error     Failed to find node 'LIVE BPCI - CAM|"St Luke's Roosevelt Hospital (330046)"' in QVW tree 'D:\InstalledApplications\PRM_Staging\QVDocuments\0000EXT01\NewYork\LIVE BPCI - CAM\LIVE BPCI - CAM.qvw'\r\n----------------------------------------10:57:13 PM                   Error     Failed to find node 'LIVE BPCI - CAM|"St Luke's Roosevelt Hospital (330046)"' in QVW tree 'D:\InstalledApplications\PRM_Staging\QVDocuments\0000EXT01\NewYork\LIVE BPCI - CAM\LIVE BPCI - CAM.qvw'\r\n----------------------------------------10:57:27 PM                   Error     Failed to find node 'LIVE BPCI - CAM|"St Luke's Roosevelt Hospital (330046)"' in QVW tree 'D:\InstalledApplications\PRM_Staging\QVDocuments\0000EXT01\NewYork\LIVE BPCI - CAM\LIVE BPCI - CAM.qvw'\r\n----------------------------------------10:58:05 PM                   Error     Failed to find node 'LIVE BPCI - CAM|"St Luke's Roosevelt Hospital (330046)"' in QVW tree 'D:\InstalledApplications\PRM_Staging\QVDocuments\0000EXT01\NewYork\LIVE BPCI - CAM\LIVE BPCI - CAM.qvw'\r\n----------------------------------------10:58:53 PM                   Info      Document 'e536aacc53dc4d698519cbe05d374dff.qvw' has been authorized\r\n----------------------------------------10:59:28 PM                   Error     Failed to find node 'LIVE BPCI - CAM|"St Luke's Roosevelt Hospital (330046)"' in QVW tree 'D:\InstalledApplications\PRM_Staging\QVDocuments\0000EXT01\NewYork\LIVE BPCI - CAM\LIVE BPCI - CAM.qvw'\r\n----------------------------------------11:00:18 PM                   Error     Failed to find node 'LIVE BPCI - CAM|"St Luke's Roosevelt Hospital (330046)"' in QVW tree 'D:\InstalledApplications\PRM_Staging\QVDocuments\0000EXT01\NewYork\LIVE BPCI - CAM\LIVE BPCI - CAM.qvw'\r\n----------------------------------------2:03:08 AM                    Error     Failed to find node 'Care Coordinator Report|Bay Clinic|Bach/Interim, Terrance' in QVW tree 'D:\InstalledApplications\PRM_Staging\QVDocuments\0273WOH01\Medicaid\WOAH\Care Coordinator Report.qvw'\r\n----------------------------------------2:03:08 AM                    Error     Failed to find node 'Care Coordinator Report|Bay Clinic|Baldacci/Interim*, Anthony' in QVW tree 'D:\InstalledApplications\PRM_Staging\QVDocuments\0273WOH01\Medicaid\WOAH\Care Coordinator Report.qvw'\r\n----------------------------------------2:03:08 AM                    Error     Failed to find node 'Care Coordinator Report|Bay Clinic|Licht/Interim, Myron' in QVW tree 'D:\InstalledApplications\PRM_Staging\QVDocuments\0273WOH01\Medicaid\WOAH\Care Coordinator Report.qvw'\r\n----------------------------------------2:03:08 AM                    Error     Failed to find node 'Care Coordinator Report|North Bend Medical Center|Didwaniya/Interim, Neha' in QVW tree 'D:\InstalledApplications\PRM_Staging\QVDocuments\0273WOH01\Medicaid\WOAH\Care Coordinator Report.qvw'\r\n----------------------------------------2:03:08 AM                    Error     Failed to find node 'Care Coordinator Report|North Bend Medical Center|Faucher/Fp/*interim, Vicki' in QVW tree 'D:\InstalledApplications\PRM_Staging\QVDocuments\0273WOH01\Medicaid\WOAH\Care Coordinator Report.qvw'\r\n----------------------------------------2:03:08 AM                    Error     Failed to find node 'Care Coordinator Report|North Bend Medical Center|Oelke/*interim, David' in QVW tree 'D:\InstalledApplications\PRM_Staging\QVDocuments\0273WOH01\Medicaid\WOAH\Care Coordinator Report.qvw'\r\n----------------------------------------2:03:08 AM                    Error     Failed to find node 'Care Coordinator Report|North Bend Medical Center|Robinson/Millet, Michael' in QVW tree 'D:\InstalledApplications\PRM_Staging\QVDocuments\0273WOH01\Medicaid\WOAH\Care Coordinator Report.qvw'\r\n----------------------------------------2:03:08 AM                    Error     Failed to find node 'Care Coordinator Report|North Bend Medical Center|Santana/Interim*, Castel' in QVW tree 'D:\InstalledApplications\PRM_Staging\QVDocuments\0273WOH01\Medicaid\WOAH\Care Coordinator Report.qvw'\r\n----------------------------------------2:03:08 AM                    Error     Failed to find node 'Care Coordinator Report|North Bend Medical Center|Shulsinger/Interim, Oded' in QVW tree 'D:\InstalledApplications\PRM_Staging\QVDocuments\0273WOH01\Medicaid\WOAH\Care Coordinator Report.qvw'\r\n----------------------------------------2:03:08 AM                    Error     Failed to find node 'Care Coordinator Report|North Bend Medical Center|Smith/*interim, Susan' in QVW tree 'D:\InstalledApplications\PRM_Staging\QVDocuments\0273WOH01\Medicaid\WOAH\Care Coordinator Report.qvw'\r\n----------------------------------------2:03:08 AM                    Error     Failed to find node 'Care Coordinator Report|North Bend Medical Center|Suarez/Interim, Carlos' in QVW tree 'D:\InstalledApplications\PRM_Staging\QVDocuments\0273WOH01\Medicaid\WOAH\Care Coordinator Report.qvw'\r\n----------------------------------------2:03:08 AM                    Error     Failed to find node 'Care Coordinator Report|North Bend Medical Center|Vakkalanka/Interim, Lalitha' in QVW tree 'D:\InstalledApplications\PRM_Staging\QVDocuments\0273WOH01\Medicaid\WOAH\Care Coordinator Report.qvw'\r\n----------------------------------------2:03:08 AM                    Error     Failed to find node 'Care Coordinator Report|North Bend Medical Center|York/Pittenger/**interim**, Angela' in QVW tree 'D:\InstalledApplications\PRM_Staging\QVDocuments\0273WOH01\Medicaid\WOAH\Care Coordinator Report.qvw'\r\n----------------------------------------2:00:50 PM                    Info      Document '59a23fdcfa9945428ce38f0e0d81cc98.qvw' has been authorized\r\n----------------------------------------2:05:22 PM                    Error     Download item 'Tardis.png' not found for QVW 'd:\installedapplications\prm_staging\qvdocuments\0273woh01\medicaid\woah\care coordinator report.qvw'\r\n----------------------------------------2:11:41 PM                    Error     Download item 'Tardis.png' not found for QVW 'd:\installedapplications\prm_staging\qvdocuments\0273woh01\medicaid\woah\care coordinator report.qvw'\r\n----------------------------------------2:19:02 PM                    Error     Download item 'Tardis.png' not found for QVW 'd:\installedapplications\prm_staging\qvdocuments\0273woh01\medicaid\woah\care coordinator report.qvw'\r\n----------------------------------------2:21:11 PM                    Error     Download item 'Tardis.png' not found for QVW 'd:\installedapplications\prm_staging\qvdocuments\0273woh01\medicaid\woah\care coordinator report.qvw'\r\n----------------------------------------3:38:15 PM                    Error     Download item 'Tardis.png' not found for QVW 'd:\installedapplications\prm_staging\qvdocuments\0273woh01\medicaid\woah\care coordinator report.qvw'\r\n----------------------------------------3:58:42 PM                    Error     Download item 'Tardis.png' not found for QVW 'd:\installedapplications\prm_staging\qvdocuments\0273woh01\medicaid\woah\care coordinator report.qvw'\r\n----------------------------------------3:59:22 PM                    Error     Download item 'Tardis.png' not found for QVW 'd:\installedapplications\prm_staging\qvdocuments\0273woh01\medicaid\woah\care coordinator report.qvw'\r\n----------------------------------------4:02:25 PM                    Info      Document 'e80831d9c0fd49408a9d27b3a30015e4.qvw' has been authorized\r\n----------------------------------------4:02:49 PM                    Error     Download item 'Tardis.png' not found for QVW 'd:\installedapplications\prm_staging\qvdocuments\0273woh01\medicaid\woah\care coordinator report.qvw'\r\n----------------------------------------4:09:21 PM                    Error     Download item 'Tardis.png' not found for QVW 'd:\installedapplications\prm_staging\qvdocuments\0273woh01\medicaid\woah\care coordinator report.qvw'\r\n----------------------------------------4:09:51 PM                    Info      Document '56e2e0e81e514c2f8e90b360fbede0ab.qvw' has been authorized\r\n----------------------------------------4:18:06 PM                    Error     Download item 'Tardis.png' not found for QVW 'd:\installedapplications\prm_staging\qvdocuments\0273woh01\medicaid\woah\care coordinator report.qvw'\r\n----------------------------------------4:53:23 PM                    Error     Download item 'Tardis.png' not found for QVW 'd:\installedapplications\prm_staging\qvdocuments\0273woh01\medicaid\woah\care coordinator report.qvw'\r\n----------------------------------------4:57:31 PM                    Error     Download item 'Tardis.png' not found for QVW 'd:\installedapplications\prm_staging\qvdocuments\0273woh01\medicaid\woah\care coordinator report.qvw'\r\n----------------------------------------4:58:28 PM                    Info      Document '5da863ae31934b938118c82cd304e650.qvw' has been authorized\r\n----------------------------------------8:06:13 AM                    Error     Unspecified\r\nException trace: System.ArgumentNullException: Value cannot be null.
Parameter name: address
   at System.Net.Mail.MailAddress..ctor(String address, String displayName, Encoding displayNameEncoding)
   at System.Net.Mail.MailAddress..ctor(String address)
   at MillimanCommon.MillimanEmail.Send(String To, String From, String Body, String Subject, Boolean HighPriorty, Boolean Async) in d:\PRM\WIP\MillimanCommon\MillimanEmail.cs:line 35----------------------------------------8:06:13 AM                    Error     Unspecified\r\nException trace: System.ArgumentNullException: Value cannot be null.
Parameter name: address
   at System.Net.Mail.MailAddress..ctor(String address, String displayName, Encoding displayNameEncoding)
   at System.Net.Mail.MailAddress..ctor(String address)
   at MillimanCommon.MillimanEmail.Send(String To, String From, String Body, String Subject, Boolean HighPriorty, Boolean Async) in d:\PRM\WIP\MillimanCommon\MillimanEmail.cs:line 35----------------------------------------8:27:31 AM                    Error     Unspecified\r\nException trace: System.ArgumentNullException: Value cannot be null.
Parameter name: address
   at System.Net.Mail.MailAddress..ctor(String address, String displayName, Encoding displayNameEncoding)
   at System.Net.Mail.MailAddress..ctor(String address)
   at MillimanCommon.MillimanEmail.Send(String To, String From, String Body, String Subject, Boolean HighPriorty, Boolean Async) in d:\PRM\WIP\MillimanCommon\MillimanEmail.cs:line 35----------------------------------------8:27:31 AM                    Error     Unspecified\r\nException trace: System.ArgumentNullException: Value cannot be null.
Parameter name: address
   at System.Net.Mail.MailAddress..ctor(String address, String displayName, Encoding displayNameEncoding)
   at System.Net.Mail.MailAddress..ctor(String address)
   at MillimanCommon.MillimanEmail.Send(String To, String From, String Body, String Subject, Boolean HighPriorty, Boolean Async) in d:\PRM\WIP\MillimanCommon\MillimanEmail.cs:line 35----------------------------------------8:48:37 AM                    Info      Document 'ec9c7ee92ef34498a23e7933eca67f9a.qvw' has been authorized\r\n----------------------------------------8:48:37 AM                    Error     Unspecified\r\nException trace: System.ArgumentNullException: Value cannot be null.
Parameter name: address
   at System.Net.Mail.MailAddress..ctor(String address, String displayName, Encoding displayNameEncoding)
   at System.Net.Mail.MailAddress..ctor(String address)
   at MillimanCommon.MillimanEmail.Send(String To, String From, String Body, String Subject, Boolean HighPriorty, Boolean Async) in d:\PRM\WIP\MillimanCommon\MillimanEmail.cs:line 35----------------------------------------8:48:37 AM                    Error     Unspecified\r\nException trace: System.ArgumentNullException: Value cannot be null.
Parameter name: address
   at System.Net.Mail.MailAddress..ctor(String address, String displayName, Encoding displayNameEncoding)
   at System.Net.Mail.MailAddress..ctor(String address)
   at MillimanCommon.MillimanEmail.Send(String To, String From, String Body, String Subject, Boolean HighPriorty, Boolean Async) in d:\PRM\WIP\MillimanCommon\MillimanEmail.cs:line 35----------------------------------------8:52:05 AM                    Error     Unspecified\r\nException trace: System.ArgumentNullException: Value cannot be null.
Parameter name: address
   at System.Net.Mail.MailAddress..ctor(String address, String displayName, Encoding displayNameEncoding)
   at System.Net.Mail.MailAddress..ctor(String address)
   at MillimanCommon.MillimanEmail.Send(String To, String From, String Body, String Subject, Boolean HighPriorty, Boolean Async) in d:\PRM\WIP\MillimanCommon\MillimanEmail.cs:line 35----------------------------------------8:52:05 AM                    Error     Unspecified\r\nException trace: System.ArgumentNullException: Value cannot be null.
Parameter name: address
   at System.Net.Mail.MailAddress..ctor(String address, String displayName, Encoding displayNameEncoding)
   at System.Net.Mail.MailAddress..ctor(String address)
   at MillimanCommon.MillimanEmail.Send(String To, String From, String Body, String Subject, Boolean HighPriorty, Boolean Async) in d:\PRM\WIP\MillimanCommon\MillimanEmail.cs:line 35----------------------------------------8:52:05 AM                    Error     Unspecified\r\nException trace: System.ArgumentNullException: Value cannot be null.
Parameter name: address
   at System.Net.Mail.MailAddress..ctor(String address, String displayName, Encoding displayNameEncoding)
   at System.Net.Mail.MailAddress..ctor(String address)
   at MillimanCommon.MillimanEmail.Send(String To, String From, String Body, String Subject, Boolean HighPriorty, Boolean Async) in d:\PRM\WIP\MillimanCommon\MillimanEmail.cs:line 35----------------------------------------8:54:16 AM                    Error     Failed adding users\r\n----------------------------------------8:54:16 AM                    Error     Failed to reduced 'D:\InstalledApplications\PRM_Staging\QVDocuments\0273WOH01\Medicaid\WOAH\Care Coordinator Report.qvw' for users VWNTestUser9@nowhere.com\r\n----------------------------------------8:54:52 AM                    Info      Document 'c26d634ae5e7465cb7bb4151535589eb.qvw' has been authorized\r\n----------------------------------------8:56:31 AM                    Error     Failed adding users\r\n----------------------------------------8:56:31 AM                    Error     Failed to reduced 'D:\InstalledApplications\PRM_Staging\QVDocuments\0273WOH01\Medicaid\WOAH\Care Coordinator Report.qvw' for users VWNTestUser10@nowhere.com\r\n----------------------------------------8:57:06 AM                    Error     Failed adding users\r\n----------------------------------------8:57:06 AM                    Error     Failed to reduced 'D:\InstalledApplications\PRM_Staging\QVDocuments\0273WOH01\Medicaid\WOAH\Care Coordinator Report.qvw' for users VWNTestUser10@nowhere.com\r\n----------------------------------------8:57:33 AM                    Info      Document '6066e82e524243a98037afccc7f06e78.qvw' has been authorized\r\n----------------------------------------8:57:33 AM                    Error     Unspecified\r\nException trace: System.ArgumentNullException: Value cannot be null.
Parameter name: address
   at System.Net.Mail.MailAddress..ctor(String address, String displayName, Encoding displayNameEncoding)
   at System.Net.Mail.MailAddress..ctor(String address)
   at MillimanCommon.MillimanEmail.Send(String To, String From, String Body, String Subject, Boolean HighPriorty, Boolean Async) in d:\PRM\WIP\MillimanCommon\MillimanEmail.cs:line 35----------------------------------------8:59:57 AM                    Info      Document 'e0ba1a5005094420aacca87864867239.qvw' has been authorized\r\n----------------------------------------9:01:52 AM                    Info      Document '232aff05ff884d74bed82daf1c977455.qvw' has been authorized\r\n----------------------------------------9:04:28 AM                    Error     Download item 'Tardis.png' not found for QVW 'd:\installedapplications\prm_staging\qvdocuments\0273woh01\medicaid\woah\care coordinator report.qvw'\r\n----------------------------------------9:21:33 AM                    Error     Download item 'Tardis.png' not found for QVW 'd:\installedapplications\prm_staging\qvdocuments\0273woh01\medicaid\woah\care coordinator report.qvw'\r\n----------------------------------------9:22:52 AM                    Info      Document '87ac07f9bc1b41b8b11065aad0be445c.qvw' has been authorized\r\n----------------------------------------9:23:43 AM                    Info      Document 'b258ff8f66884bb181841492a77a7558.qvw' has been authorized\r\n----------------------------------------9:24:17 AM                    Error     Download item 'Tardis.png' not found for QVW 'd:\installedapplications\prm_staging\qvdocuments\0273woh01\medicaid\woah\care coordinator report.qvw'\r\n----------------------------------------9:24:42 AM                    Info      Document '818dd67f5fd6446d9241471edbd0eeba.qvw' has been authorized\r\n----------------------------------------9:25:28 AM                    Info      Document '6475e3484fe54179aeaf4d6d424e7c56.qvw' has been authorized\r\n----------------------------------------9:28:58 AM                    Info      Document 'bf3f89e1edd741da9acd8e642b7f2171.qvw' has been authorized\r\n----------------------------------------9:29:52 AM                    Info      Document '147dc49950164a648c2eecffe1032a07.qvw' has been authorized\r\n----------------------------------------9:30:42 AM                    Info      Document 'd5915affaecf434d8ea6e2bd5112bdce.qvw' has been authorized\r\n----------------------------------------9:32:02 AM                    Info      Document '70713479e2434b9fb481a3a92aff0d63.qvw' has been authorized\r\n----------------------------------------9:54:34 AM                    Error     Download item 'Tardis.png' not found for QVW 'd:\installedapplications\prm_staging\qvdocuments\0273woh01\medicaid\woah\care coordinator report.qvw'\r\n----------------------------------------10:00:09 AM                   Error     Failed to reduced 'D:\InstalledApplications\PRM_Staging\QVDocuments\0273WOH01\Medicaid\WOAH\Care Coordinator Report.qvw' for users van.nanney@milliman.com\r\n----------------------------------------10:21:24 AM                   Error     Download item 'Tardis.png' not found for QVW 'd:\installedapplications\prm_staging\qvdocuments\0273woh01\medicaid\woah\care coordinator report.qvw'\r\n----------------------------------------10:24:06 AM                   Error     Failed to reduced 'D:\InstalledApplications\PRM_Staging\QVDocuments\0273WOH01\Medicaid\WOAH\Care Coordinator Report.qvw' for users van.nanney@milliman.com\r\n----------------------------------------10:26:42 AM                   Info      Document '0fe6d8e468c64f038b7e98caf78924e4.qvw' has been authorized\r\n----------------------------------------2:59:08 PM                    Error     Download item 'Tardis.png' not found for QVW 'd:\installedapplications\prm_staging\qvdocuments\0273woh01\medicaid\woah\care coordinator report.qvw'\r\n----------------------------------------2:59:40 PM                    Info      Document '07564845a2b24f0f8153e882263f16b3.qvw' has been authorized\r\n----------------------------------------3:00:31 PM                    Info      Document '2d6f585a81844ced88d26f0c1aea4f83.qvw' has been authorized\r\n----------------------------------------3:02:00 PM                    Error     Download item 'Tardis.png' not found for QVW 'd:\installedapplications\prm_staging\qvdocuments\0273woh01\medicaid\woah\care coordinator report.qvw'\r\n----------------------------------------3:02:17 PM                    Error     Download item 'Tardis.png' not found for QVW 'd:\installedapplications\prm_staging\qvdocuments\0273woh01\medicaid\woah\care coordinator report.qvw'\r\n----------------------------------------3:02:35 PM                    Error     Download item 'Tardis.png' not found for QVW 'd:\installedapplications\prm_staging\qvdocuments\0273woh01\medicaid\woah\care coordinator report.qvw'\r\n----------------------------------------8:40:26 AM                    Error     Download item 'Tardis.png' not found for QVW 'd:\installedapplications\prm_staging\qvdocuments\0273woh01\medicaid\woah\care coordinator report.qvw'\r\n----------------------------------------8:41:32 AM                    Info      Document '9ba604686e0944ecb9a58ce43ea1e7ea.qvw' has been authorized\r\n----------------------------------------8:42:33 AM                    Info      Document 'c077072e433b472bb0d4c67bc246931e.qvw' has been authorized\r\n----------------------------------------8:43:42 AM                    Info      Document '484ccded219a48d2bdc1b91016839b5a.qvw' has been authorized\r\n----------------------------------------8:45:22 AM                    Info      Document 'b5058570911a46c6a656862c01be4d9a.qvw' has been authorized\r\n----------------------------------------8:46:53 AM                    Info      Document 'd07ef6da35a242f89436841137b942e1.qvw' has been authorized\r\n----------------------------------------9:07:52 AM                    Error     Download item 'Tardis.png' not found for QVW 'd:\installedapplications\prm_staging\qvdocuments\0273woh01\medicaid\woah\care coordinator report.qvw'\r\n----------------------------------------9:11:26 AM                    Info      Document '57fb39ffb442429bb91f2a7fcb79cb61.qvw' has been authorized\r\n----------------------------------------9:14:05 AM                    Info      Document '0bc4cfd7b1084dcda75865e416fbd9c1.qvw' has been authorized\r\n----------------------------------------9:15:21 AM                    Info      Document '038384956ade4170a03bbd63b5d8f764.qvw' has been authorized\r\n----------------------------------------9:16:56 AM                    Info      Document '4ca7503dd0da4a8c9a2892598b897701.qvw' has been authorized\r\n----------------------------------------9:19:52 AM                    Info      Document 'd7e41a57335149dfbeb73a6b4a64fb5a.qvw' has been authorized\r\n----------------------------------------11:53:59 AM                   Error     Download item 'Tardis.png' not found for QVW 'd:\installedapplications\prm_staging\qvdocuments\0273woh01\medicaid\woah\care coordinator report.qvw'\r\n----------------------------------------11:54:59 AM                   Info      Document '3d84c99bd35a473cbf6d54581822c705.qvw' has been authorized\r\n----------------------------------------2:37:04 PM                    Error     Download item 'Tardis.png' not found for QVW 'd:\installedapplications\prm_staging\qvdocuments\0273woh01\medicaid\woah\care coordinator report.qvw'\r\n----------------------------------------2:40:48 PM                    Info      Document '450be24d26c548609ec58bfd002e2cee.qvw' has been authorized\r\n----------------------------------------4:49:43 PM                    Error     Download item 'Tardis.png' not found for QVW 'd:\installedapplications\prm_staging\qvdocuments\0273woh01\medicaid\woah\care coordinator report.qvw'\r\n----------------------------------------4:54:28 PM                    Info      Document '8c2a933da8ed43659381237677c04583.qvw' has been authorized\r\n----------------------------------------4:55:11 PM                    Info      Document 'a0cc605921f04c3cae23cac55282d9c0.qvw' has been authorized\r\n----------------------------------------1:31:43 PM                    Error     Download item 'Tardis.png' not found for QVW 'd:\installedapplications\prm_staging\qvdocuments\0273woh01\medicaid\woah\care coordinator report.qvw'\r\n----------------------------------------2:28:08 PM                    Error     Download item 'Tardis.png' not found for QVW 'd:\installedapplications\prm_staging\qvdocuments\0273woh01\medicaid\woah\care coordinator report.qvw'\r\n----------------------------------------2:35:07 PM                    Error     Download item 'Tardis.png' not found for QVW 'd:\installedapplications\prm_staging\qvdocuments\0273woh01\medicaid\woah\care coordinator report.qvw'\r\n----------------------------------------2:39:55 PM                    Error     Failed to reduced 'D:\InstalledApplications\PRM_Staging\QVDocuments\0273WOH01\Medicaid\WOAH\Care Coordinator Report.qvw' for users van.nanney@milliman.com\r\n----------------------------------------2:48:28 PM                    Error     Download item 'Tardis.png' not found for QVW 'd:\installedapplications\prm_staging\qvdocuments\0273woh01\medicaid\woah\care coordinator report.qvw'\r\n----------------------------------------2:50:02 PM                    Info      Document 'f8f950fdda31463b95985de7f1e19392.qvw' has been authorized\r\n----------------------------------------2:54:13 PM                    Error     Failed to reduced 'D:\InstalledApplications\PRM_Staging\QVDocuments\0273WOH01\Medicaid\WOAH\Care Coordinator Report.qvw' for users van.nanney@milliman.com\r\n----------------------------------------3:48:08 PM                    Error     Download item 'Tardis.png' not found for QVW 'd:\installedapplications\prm_staging\qvdocuments\0273woh01\medicaid\woah\care coordinator report.qvw'\r\n----------------------------------------3:49:07 PM                    Info      Document '509a8841a74142729d7ee0061f77bb99.qvw' has been authorized\r\n----------------------------------------3:50:10 PM                    Info      Document '24b982d35dd64fe7844961187f9f4e7d.qvw' has been authorized\r\n----------------------------------------3:51:00 PM                    Info      Document 'a298d5486d764cc692d438550bc120e2.qvw' has been authorized\r\n----------------------------------------3:52:35 PM                    Info      Document '8bfc8d9d5ee143c197603214ce3e8f6d.qvw' has been authorized\r\n----------------------------------------3:53:45 PM                    Error     Download item 'Tardis.png' not found for QVW 'd:\installedapplications\prm_staging\qvdocuments\0273woh01\medicaid\woah\care coordinator report.qvw'\r\n----------------------------------------4:33:28 PM                    Error     Download item 'Tardis.png' not found for QVW 'd:\installedapplications\prm_staging\qvdocuments\0273woh01\medicaid\woah\care coordinator report.qvw'\r\n----------------------------------------4:34:52 PM                    Info      Document 'fd783e022eb14ad289a783fbe4ad1ec9.qvw' has been authorized\r\n----------------------------------------9:20:32 PM                    Error     Download item 'Tardis.png' not found for QVW 'd:\installedapplications\prm_staging\qvdocuments\0273woh01\medicaid\woah\care coordinator report.qvw'\r\n----------------------------------------9:21:53 PM                    Info      Document '6a331307945e463a8bb3268b013169b6.qvw' has been authorized\r\n----------------------------------------10:30:10 PM                   Error     Download item 'Tardis.png' not found for QVW 'd:\installedapplications\prm_staging\qvdocuments\0273woh01\medicaid\woah\care coordinator report.qvw'\r\n----------------------------------------10:31:11 PM                   Info      Document '1f062c68882146ad8c2bd0b7febd6727.qvw' has been authorized\r\n----------------------------------------10:32:16 PM                   Info      Document '572ce167c0974276be5a418da76be467.qvw' has been authorized\r\n----------------------------------------10:33:32 PM                   Info      Document '9517c0bbaeed494e944b5497f1ab43ea.qvw' has been authorized\r\n----------------------------------------10:34:41 PM                   Info      Document 'a9a80a0c192a4a668f3ca2d9957be2de.qvw' has been authorized\r\n----------------------------------------10:36:11 PM                   Info      Document '203ff04e58394ef4819f9aac7b86d24c.qvw' has been authorized\r\n----------------------------------------10:37:06 PM                   Info      Document '62f8f060269d4e399328e91bd467946d.qvw' has been authorized\r\n----------------------------------------11:01:35 PM                   Error     Failed to reduced 'D:\InstalledApplications\PRM_Staging\QVDocuments\0000EXT01\NewYork\LIVE BPCI - CAM\LIVE BPCI - CAM.qvw' for users van.nanney@milliman.com\r\n----------------------------------------11:03:10 PM                   Error     Failed to reduced 'D:\InstalledApplications\PRM_Staging\QVDocuments\0000EXT01\NewYork\LIVE BPCI - CAM\LIVE BPCI - CAM.qvw' for users van.nanney@milliman.com\r\n----------------------------------------11:03:47 PM                   Error     Failed to reduced 'D:\InstalledApplications\PRM_Staging\QVDocuments\0000EXT01\NewYork\LIVE BPCI - CAM\LIVE BPCI - CAM.qvw' for users van.nanney@milliman.com\r\n----------------------------------------11:04:24 PM                   Error     Failed to reduced 'D:\InstalledApplications\PRM_Staging\QVDocuments\0000EXT01\NewYork\LIVE BPCI - CAM\LIVE BPCI - CAM.qvw' for users van.nanney@milliman.com\r\n----------------------------------------11:05:23 PM                   Error     Failed to reduced 'D:\InstalledApplications\PRM_Staging\QVDocuments\0000EXT01\NewYork\LIVE BPCI - CAM\LIVE BPCI - CAM.qvw' for users van.nanney@milliman.com\r\n----------------------------------------11:06:13 PM                   Error     Failed to reduced 'D:\InstalledApplications\PRM_Staging\QVDocuments\0000EXT01\NewYork\LIVE BPCI - CAM\LIVE BPCI - CAM.qvw' for users van.nanney@milliman.com\r\n----------------------------------------11:09:31 PM                   Error     Failed to reduced "LIVE BPCI - CAM.qvw" for users van.nanney@milliman.com\r\n----------------------------------------11:13:36 PM                   Error     Failed to reduced "LIVE BPCI - CAM.qvw" for users van.nanney@milliman.com\r\n----------------------------------------11:16:10 PM                   Error     Failed to reduced "LIVE BPCI - CAM.qvw" for users van.nanney@milliman.com\r\n----------------------------------------11:16:26 PM                   Error     Failed to reduced "LIVE BPCI - CAM.qvw" for users van.nanney@milliman.com\r\n----------------------------------------11:19:33 PM                   Error     Failed to reduced "LIVE BPCI - USPI.qvw" for users van.nanney@milliman.com\r\n----------------------------------------8:22:48 PM                    Error     Group New York Projects not found in external map.\r\n----------------------------------------8:22:50 PM                    Error     Error\r\nException trace: System.Collections.Generic.KeyNotFoundException: The given key was not present in the dictionary.
   at System.Collections.Generic.Dictionary`2.get_Item(TKey key)
   at Default.UpdateLicenseMessage() in e:\PRM\WIP\MillimanClientUserAdmin\Default.aspx.cs:line 350----------------------------------------9:54:17 AM                    Error     Failed to read hierarch file - 'e:\installedapplications\prm\qvdocuments\0000ext01\newyork\bpci demo milliman\bpci demo milliman.hierarchy_0'\r\n----------------------------------------9:56:09 AM                    Error     Failed to read hierarch file - 'e:\installedapplications\prm\qvdocuments\0000ext01\newyork\bpci demo milliman\bpci demo milliman.hierarchy_0'\r\n----------------------------------------7:12:20 PM                    Error     Directory 'E:\InstalledApplications\PRM\QVDocuments\0273WOH01\Medicaid\All' contains multiple master QVWs, by group defination should only contain 1 QVW\r\n----------------------------------------7:12:57 PM                    Error     Directory 'E:\InstalledApplications\PRM\QVDocuments\0273WOH01\Medicaid\All' contains multiple master QVWs, by group defination should only contain 1 QVW\r\n----------------------------------------7:14:18 PM                    Error     Directory 'E:\InstalledApplications\PRM\QVDocuments\0273WOH01\Medicaid\All' contains multiple master QVWs, by group defination should only contain 1 QVW\r\n----------------------------------------7:16:00 PM                    Error     Directory 'E:\InstalledApplications\PRM\QVDocuments\0273WOH01\Medicaid\All' contains multiple master QVWs, by group defination should only contain 1 QVW\r\n----------------------------------------7:16:36 PM                    Error     Directory 'E:\InstalledApplications\PRM\QVDocuments\0273WOH01\Medicaid\All' contains multiple master QVWs, by group defination should only contain 1 QVW\r\n----------------------------------------7:19:08 PM                    Error     Directory 'E:\InstalledApplications\PRM\QVDocuments\0273WOH01\Medicaid\All' contains multiple master QVWs, by group defination should only contain 1 QVW\r\n----------------------------------------